Arguments: 
  /usr/local/bin/node /usr/local/Cellar/yarn/1.5.1/libexec/bin/yarn.js

PATH: 
  /usr/local/bin:/usr/bin:/bin:/usr/sbin:/sbin

Yarn version: 
  1.5.1

Node version: 
  9.11.1

Platform: 
  darwin x64

npm manifest: 
  {
    "name": "ng-guide-walk-lib",
    "version": "0.0.1",
    "peerDependencies": {
      "@angular/common": "^6.0.0-rc.0 || ^6.0.0",
      "@angular/core": "^6.0.0-rc.0 || ^6.0.0"
    },
    "dependencies": {
      "@angular/cdk": "^7.1.0",
      "popper.js": "file:node_modules/popper.js"
    }
  }

yarn manifest: 
  No manifest

Lockfile: 
  # THIS IS AN AUTOGENERATED FILE. DO NOT EDIT THIS FILE DIRECTLY.
  # yarn lockfile v1
  
  
  "@angular/cdk@^7.1.0":
    version "7.1.0"
    resolved "https://registry.yarnpkg.com/@angular/cdk/-/cdk-7.1.0.tgz#7e5c3e3631947ef91413a83997ec4edec92cdd1c"
    dependencies:
      tslib "^1.7.1"
    optionalDependencies:
      parse5 "^5.0.0"
  
  parse5@^5.0.0:
    version "5.1.0"
    resolved "https://registry.yarnpkg.com/parse5/-/parse5-5.1.0.tgz#c59341c9723f414c452975564c7c00a68d58acd2"
  
  popper.js@^1.14.5:
    version "1.14.5"
    resolved "https://registry.yarnpkg.com/popper.js/-/popper.js-1.14.5.tgz#98abcce7c7c34c4ee47fcbc6b3da8af2c0a127bc"
  
  tslib@^1.7.1:
    version "1.9.3"
    resolved "https://registry.yarnpkg.com/tslib/-/tslib-1.9.3.tgz#d7e4dd79245d85428c4d7e4822a79917954ca286"

Trace: 
  Error: Package "popper.js" refers to a non-existing file '"/Users/yoniamishav/Documents/work/ng-guide-walk-lib/projects/ng-guide-walk-lib/node_modules/popper.js"'.
      at new MessageError (/usr/local/Cellar/yarn/1.5.1/libexec/lib/cli.js:186:110)
      at FileResolver.<anonymous> (/usr/local/Cellar/yarn/1.5.1/libexec/lib/cli.js:51140:15)
      at Generator.next (<anonymous>)
      at step (/usr/local/Cellar/yarn/1.5.1/libexec/lib/cli.js:98:30)
      at /usr/local/Cellar/yarn/1.5.1/libexec/lib/cli.js:109:13
      at <anonymous>
